[INFO ] 2020-12-10 15:37:41.192 [main] OrangeHRM - Navigated to http://www.tinyupload.com/
[INFO ] 2020-12-10 15:37:44.375 [main] OrangeHRM - Clicked the choose file button
[INFO ] 2020-12-10 15:37:46.530 [main] OrangeHRM - Entered the file path using AutoIT windows desktop automayion
[INFO ] 2020-12-10 15:37:54.181 [main] OrangeHRM - Entered text Admin  in username textbox
[INFO ] 2020-12-10 15:37:54.294 [main] OrangeHRM - Entered text admin123 in password textbox
[INFO ] 2020-12-10 15:37:55.899 [main] OrangeHRM - Pressed login button
[INFO ] 2020-12-10 15:38:14.642 [main] OrangeHRM - Entered text Admin  in username textbox
[INFO ] 2020-12-10 15:38:14.770 [main] OrangeHRM - Entered text admin123 in password textbox
[INFO ] 2020-12-10 15:38:16.890 [main] OrangeHRM - Pressed login button
[INFO ] 2020-12-10 15:38:42.019 [main] OrangeHRM - Navigated to https://www.google.com
[INFO ] 2020-12-10 15:38:42.188 [main] OrangeHRM - Entered text palestine in search textbox
[INFO ] 2020-12-10 15:38:45.191 [main] OrangeHRM - Pressed login button
[INFO ] 2020-12-10 15:42:46.469 [main] OrangeHRM - Navigated to http://www.tinyupload.com/
[INFO ] 2020-12-10 15:42:49.634 [main] OrangeHRM - Clicked the choose file button
[INFO ] 2020-12-10 15:42:51.673 [main] OrangeHRM - Entered the file path using AutoIT windows desktop automayion
[INFO ] 2020-12-10 15:43:00.312 [main] OrangeHRM - Entered text Admin  in username textbox
[INFO ] 2020-12-10 15:43:00.618 [main] OrangeHRM - Entered text admin123 in password textbox
[INFO ] 2020-12-10 15:43:02.455 [main] OrangeHRM - Pressed login button
[INFO ] 2020-12-10 15:43:21.000 [main] OrangeHRM - Entered text Admin  in username textbox
[INFO ] 2020-12-10 15:43:21.125 [main] OrangeHRM - Entered text admin123 in password textbox
[INFO ] 2020-12-10 15:43:23.104 [main] OrangeHRM - Pressed login button
[INFO ] 2020-12-10 16:00:40.073 [main] OrangeHRM - Navigated to http://www.tinyupload.com/
[INFO ] 2020-12-10 16:00:43.253 [main] OrangeHRM - Clicked the choose file button
[INFO ] 2020-12-10 16:00:45.291 [main] OrangeHRM - Entered the file path using AutoIT windows desktop automayion
[INFO ] 2020-12-10 16:00:52.747 [main] OrangeHRM - Entered text Admin  in username textbox
[INFO ] 2020-12-10 16:00:52.861 [main] OrangeHRM - Entered text admin123 in password textbox
[INFO ] 2020-12-10 16:00:54.192 [main] OrangeHRM - Pressed login button
[INFO ] 2020-12-10 16:01:12.882 [main] OrangeHRM - Entered text Admin  in username textbox
[INFO ] 2020-12-10 16:01:13.130 [main] OrangeHRM - Entered text admin123 in password textbox
[INFO ] 2020-12-10 16:01:14.618 [main] OrangeHRM - Pressed login button
[INFO ] 2020-12-10 16:01:29.081 [main] OrangeHRM - Navigated to https://www.google.com
[INFO ] 2020-12-10 16:01:29.222 [main] OrangeHRM - Entered text palestine in search textbox
[INFO ] 2020-12-10 16:01:30.733 [main] OrangeHRM - Pressed login button
[INFO ] 2020-12-10 16:07:55.565 [main] OrangeHRM - Navigated to http://www.tinyupload.com/
[INFO ] 2020-12-10 16:07:58.736 [main] OrangeHRM - Clicked the choose file button
[INFO ] 2020-12-10 16:08:00.765 [main] OrangeHRM - Entered the file path using AutoIT windows desktop automayion
[INFO ] 2020-12-10 16:08:09.034 [main] OrangeHRM - Entered text Admin  in username textbox
[INFO ] 2020-12-10 16:08:09.193 [main] OrangeHRM - Entered text admin123 in password textbox
[INFO ] 2020-12-10 16:08:10.590 [main] OrangeHRM - Pressed login button
[INFO ] 2020-12-10 16:08:30.075 [main] OrangeHRM - Entered text Admin  in username textbox
[INFO ] 2020-12-10 16:08:30.190 [main] OrangeHRM - Entered text admin123 in password textbox
[INFO ] 2020-12-10 16:08:31.421 [main] OrangeHRM - Pressed login button
[INFO ] 2020-12-10 16:11:44.191 [main] OrangeHRM - Navigated to http://www.tinyupload.com/
[INFO ] 2020-12-10 16:11:47.373 [main] OrangeHRM - Clicked the choose file button
[INFO ] 2020-12-10 16:11:49.417 [main] OrangeHRM - Entered the file path using AutoIT windows desktop automayion
[INFO ] 2020-12-10 16:11:57.239 [main] OrangeHRM - Entered text Admin  in username textbox
[INFO ] 2020-12-10 16:11:57.429 [main] OrangeHRM - Entered text admin123 in password textbox
[INFO ] 2020-12-10 16:11:58.960 [main] OrangeHRM - Pressed login button
[INFO ] 2020-12-10 16:12:17.470 [main] OrangeHRM - Entered text Admin  in username textbox
[INFO ] 2020-12-10 16:12:17.581 [main] OrangeHRM - Entered text admin123 in password textbox
[INFO ] 2020-12-10 16:12:18.904 [main] OrangeHRM - Pressed login button
[INFO ] 2020-12-10 16:14:29.440 [main] OrangeHRM - Navigated to http://www.tinyupload.com/
[INFO ] 2020-12-10 16:14:32.617 [main] OrangeHRM - Clicked the choose file button
[INFO ] 2020-12-10 16:14:34.645 [main] OrangeHRM - Entered the file path using AutoIT windows desktop automayion
[INFO ] 2020-12-10 16:14:42.306 [main] OrangeHRM - Entered text Admin  in username textbox
[INFO ] 2020-12-10 16:14:42.427 [main] OrangeHRM - Entered text admin123 in password textbox
[INFO ] 2020-12-10 16:14:43.651 [main] OrangeHRM - Pressed login button
[INFO ] 2020-12-10 16:15:02.568 [main] OrangeHRM - Entered text Admin  in username textbox
[INFO ] 2020-12-10 16:15:02.686 [main] OrangeHRM - Entered text admin123 in password textbox
[INFO ] 2020-12-10 16:15:03.877 [main] OrangeHRM - Pressed login button
[INFO ] 2020-12-10 16:17:45.899 [main] OrangeHRM - Navigated to http://www.tinyupload.com/
[INFO ] 2020-12-10 16:17:49.086 [main] OrangeHRM - Clicked the choose file button
[INFO ] 2020-12-10 16:17:51.106 [main] OrangeHRM - Entered the file path using AutoIT windows desktop automayion
[INFO ] 2020-12-10 16:17:59.977 [main] OrangeHRM - Entered text Admin  in username textbox
[INFO ] 2020-12-10 16:18:00.084 [main] OrangeHRM - Entered text admin123 in password textbox
[INFO ] 2020-12-10 16:18:01.389 [main] OrangeHRM - Pressed login button
[INFO ] 2020-12-10 16:18:20.495 [main] OrangeHRM - Entered text Admin  in username textbox
[INFO ] 2020-12-10 16:18:20.708 [main] OrangeHRM - Entered text admin123 in password textbox
[INFO ] 2020-12-10 16:18:22.136 [main] OrangeHRM - Pressed login button
[INFO ] 2020-12-10 16:18:42.520 [main] OrangeHRM - Navigated to https://www.google.com
[INFO ] 2020-12-10 16:18:42.715 [main] OrangeHRM - Entered text palestine in search textbox
[INFO ] 2020-12-10 16:18:44.435 [main] OrangeHRM - Pressed login button
[INFO ] 2020-12-10 16:21:22.342 [main] OrangeHRM - Navigated to http://www.tinyupload.com/
[INFO ] 2020-12-10 16:21:25.512 [main] OrangeHRM - Clicked the choose file button
[INFO ] 2020-12-10 16:21:27.537 [main] OrangeHRM - Entered the file path using AutoIT windows desktop automayion
[INFO ] 2020-12-10 16:21:35.229 [main] OrangeHRM - Entered text Admin  in username textbox
[INFO ] 2020-12-10 16:21:35.327 [main] OrangeHRM - Entered text admin123 in password textbox
[INFO ] 2020-12-10 16:21:36.628 [main] OrangeHRM - Pressed login button
[INFO ] 2020-12-10 16:21:56.028 [main] OrangeHRM - Entered text Admin  in username textbox
[INFO ] 2020-12-10 16:21:56.130 [main] OrangeHRM - Entered text admin123 in password textbox
[INFO ] 2020-12-10 16:21:57.427 [main] OrangeHRM - Pressed login button
[INFO ] 2020-12-10 16:22:18.021 [main] OrangeHRM - Navigated to https://www.google.com
[INFO ] 2020-12-10 16:22:18.172 [main] OrangeHRM - Entered text palestine in search textbox
[INFO ] 2020-12-10 16:22:19.760 [main] OrangeHRM - Pressed login button
[INFO ] 2020-12-10 16:24:29.846 [main] OrangeHRM - Navigated to http://www.tinyupload.com/
[INFO ] 2020-12-10 16:24:33.046 [main] OrangeHRM - Clicked the choose file button
[INFO ] 2020-12-10 16:24:35.079 [main] OrangeHRM - Entered the file path using AutoIT windows desktop automayion
[INFO ] 2020-12-10 16:24:42.965 [main] OrangeHRM - Entered text Admin  in username textbox
[INFO ] 2020-12-10 16:24:43.080 [main] OrangeHRM - Entered text admin123 in password textbox
[INFO ] 2020-12-10 16:24:44.401 [main] OrangeHRM - Pressed login button
[INFO ] 2020-12-10 16:25:03.076 [main] OrangeHRM - Entered text Admin  in username textbox
[INFO ] 2020-12-10 16:25:03.177 [main] OrangeHRM - Entered text admin123 in password textbox
[INFO ] 2020-12-10 16:25:04.515 [main] OrangeHRM - Pressed login button
[INFO ] 2020-12-10 16:25:25.353 [main] OrangeHRM - Navigated to https://www.google.com
[INFO ] 2020-12-10 16:25:25.619 [main] OrangeHRM - Entered text palestine in search textbox
[INFO ] 2020-12-10 16:25:28.831 [main] OrangeHRM - Pressed login button
[INFO ] 2020-12-10 16:27:22.258 [main] OrangeHRM - Navigated to http://www.tinyupload.com/
[INFO ] 2020-12-10 16:27:25.445 [main] OrangeHRM - Clicked the choose file button
[INFO ] 2020-12-10 16:27:27.476 [main] OrangeHRM - Entered the file path using AutoIT windows desktop automayion
[INFO ] 2020-12-10 16:27:35.885 [main] OrangeHRM - Entered text Admin  in username textbox
[INFO ] 2020-12-10 16:27:36.018 [main] OrangeHRM - Entered text admin123 in password textbox
[INFO ] 2020-12-10 16:27:37.430 [main] OrangeHRM - Pressed login button
[INFO ] 2020-12-10 16:27:56.966 [main] OrangeHRM - Entered text Admin  in username textbox
[INFO ] 2020-12-10 16:27:57.066 [main] OrangeHRM - Entered text admin123 in password textbox
[INFO ] 2020-12-10 16:27:58.447 [main] OrangeHRM - Pressed login button
[INFO ] 2020-12-10 16:28:18.728 [main] OrangeHRM - Navigated to https://www.google.com
[INFO ] 2020-12-10 16:28:18.934 [main] OrangeHRM - Entered text palestine in search textbox
[INFO ] 2020-12-10 16:28:20.360 [main] OrangeHRM - Pressed login button
[INFO ] 2020-12-10 16:51:53.324 [main] OrangeHRM - Navigated to http://www.tinyupload.com/
[INFO ] 2020-12-10 16:51:56.550 [main] OrangeHRM - Clicked the choose file button
[INFO ] 2020-12-10 16:51:58.583 [main] OrangeHRM - Entered the file path using AutoIT windows desktop automayion
[INFO ] 2020-12-10 16:52:06.436 [main] OrangeHRM - Entered text Admin  in username textbox
[INFO ] 2020-12-10 16:52:06.539 [main] OrangeHRM - Entered text admin123 in password textbox
[INFO ] 2020-12-10 16:52:07.812 [main] OrangeHRM - Pressed login button
[INFO ] 2020-12-10 16:52:27.342 [main] OrangeHRM - Entered text Admin  in username textbox
[INFO ] 2020-12-10 16:52:27.467 [main] OrangeHRM - Entered text admin123 in password textbox
[INFO ] 2020-12-10 16:52:28.788 [main] OrangeHRM - Pressed login button
[INFO ] 2020-12-10 16:52:49.155 [main] OrangeHRM - Navigated to https://www.google.com
[INFO ] 2020-12-10 16:52:49.437 [main] OrangeHRM - Entered text palestine in search textbox
[INFO ] 2020-12-10 16:52:51.369 [main] OrangeHRM - Pressed login button
[INFO ] 2020-12-10 16:58:37.834 [main] OrangeHRM - Navigated to http://www.tinyupload.com/
[INFO ] 2020-12-10 16:58:41.003 [main] OrangeHRM - Clicked the choose file button
[INFO ] 2020-12-10 16:58:43.035 [main] OrangeHRM - Entered the file path using AutoIT windows desktop automayion
[INFO ] 2020-12-10 16:58:51.148 [main] OrangeHRM - Entered text Admin  in username textbox
[INFO ] 2020-12-10 16:58:51.349 [main] OrangeHRM - Entered text admin123 in password textbox
[INFO ] 2020-12-10 16:58:52.809 [main] OrangeHRM - Pressed login button
[INFO ] 2020-12-10 16:59:12.748 [main] OrangeHRM - Entered text Admin  in username textbox
[INFO ] 2020-12-10 16:59:12.868 [main] OrangeHRM - Entered text admin123 in password textbox
[INFO ] 2020-12-10 16:59:14.308 [main] OrangeHRM - Pressed login button
[INFO ] 2020-12-10 16:59:34.393 [main] OrangeHRM - Navigated to https://www.google.com
[INFO ] 2020-12-10 16:59:34.549 [main] OrangeHRM - Entered text palestine in search textbox
[INFO ] 2020-12-10 16:59:36.596 [main] OrangeHRM - Pressed login button
[INFO ] 2020-12-10 17:10:58.746 [main] OrangeHRM - Navigated to http://www.tinyupload.com/
[INFO ] 2020-12-10 17:11:01.917 [main] OrangeHRM - Clicked the choose file button
[INFO ] 2020-12-10 17:11:04.009 [main] OrangeHRM - Entered the file path using AutoIT windows desktop automayion
[INFO ] 2020-12-10 17:12:29.830 [main] OrangeHRM - Navigated to http://www.tinyupload.com/
[INFO ] 2020-12-10 17:12:33.009 [main] OrangeHRM - Clicked the choose file button
[INFO ] 2020-12-10 17:12:35.097 [main] OrangeHRM - Entered the file path using AutoIT windows desktop automayion
[INFO ] 2020-12-10 17:12:37.234 [main] OrangeHRM - Entered text Admin  in username textbox
[INFO ] 2020-12-10 17:12:37.343 [main] OrangeHRM - Entered text admin123 in password textbox
[INFO ] 2020-12-10 17:12:41.132 [main] OrangeHRM - Pressed login button
[INFO ] 2020-12-10 17:13:05.718 [main] OrangeHRM - Navigated to https://www.google.com
[INFO ] 2020-12-10 17:13:05.894 [main] OrangeHRM - Entered text palestine in search textbox
[INFO ] 2020-12-10 17:13:08.696 [main] OrangeHRM - Pressed login button
[INFO ] 2020-12-10 17:15:37.545 [main] OrangeHRM - Navigated to http://www.tinyupload.com/
[INFO ] 2020-12-10 17:15:40.759 [main] OrangeHRM - Clicked the choose file button
[INFO ] 2020-12-10 17:15:42.843 [main] OrangeHRM - Entered the file path using AutoIT windows desktop automayion
[INFO ] 2020-12-10 17:15:45.048 [main] OrangeHRM - Entered text Admin  in username textbox
[INFO ] 2020-12-10 17:15:45.292 [main] OrangeHRM - Entered text admin123 in password textbox
[INFO ] 2020-12-10 17:15:48.871 [main] OrangeHRM - Pressed login button
[INFO ] 2020-12-10 17:16:13.419 [main] OrangeHRM - Navigated to https://www.google.com
[INFO ] 2020-12-10 17:16:13.662 [main] OrangeHRM - Entered text palestine in search textbox
[INFO ] 2020-12-10 17:16:16.899 [main] OrangeHRM - Pressed login button
[INFO ] 2020-12-10 17:18:00.131 [main] OrangeHRM - Navigated to http://www.tinyupload.com/
[INFO ] 2020-12-10 17:18:03.328 [main] OrangeHRM - Clicked the choose file button
[INFO ] 2020-12-10 17:18:05.357 [main] OrangeHRM - Entered the file path using AutoIT windows desktop automayion
[INFO ] 2020-12-10 17:18:07.483 [main] OrangeHRM - Entered text Admin  in username textbox
[INFO ] 2020-12-10 17:18:07.579 [main] OrangeHRM - Entered text admin123 in password textbox
[INFO ] 2020-12-10 17:18:10.155 [main] OrangeHRM - Pressed login button
[INFO ] 2020-12-10 17:18:34.081 [main] OrangeHRM - Navigated to https://www.google.com
[INFO ] 2020-12-10 17:18:34.293 [main] OrangeHRM - Entered text palestine in search textbox
[INFO ] 2020-12-10 17:18:35.948 [main] OrangeHRM - Pressed login button
[INFO ] 2020-12-10 17:21:14.757 [main] OrangeHRM - Navigated to http://www.tinyupload.com/
[INFO ] 2020-12-10 17:21:17.972 [main] OrangeHRM - Clicked the choose file button
[INFO ] 2020-12-10 17:21:20.158 [main] OrangeHRM - Entered the file path using AutoIT windows desktop automayion
[INFO ] 2020-12-10 17:21:29.469 [main] OrangeHRM - Entered text Admin  in username textbox
[INFO ] 2020-12-10 17:21:29.597 [main] OrangeHRM - Entered text admin123 in password textbox
[INFO ] 2020-12-10 17:21:31.642 [main] OrangeHRM - Pressed login button
[INFO ] 2020-12-10 17:21:51.734 [main] OrangeHRM - Entered text Admin  in username textbox
[INFO ] 2020-12-10 17:21:51.839 [main] OrangeHRM - Entered text admin123 in password textbox
[INFO ] 2020-12-10 17:21:53.943 [main] OrangeHRM - Pressed login button
[INFO ] 2020-12-10 17:22:14.576 [main] OrangeHRM - Navigated to https://www.google.com
[INFO ] 2020-12-10 17:22:14.738 [main] OrangeHRM - Entered text palestine in search textbox
[INFO ] 2020-12-10 17:22:17.894 [main] OrangeHRM - Pressed login button
[INFO ] 2020-12-10 17:25:20.793 [main] OrangeHRM - Navigated to http://www.tinyupload.com/
[INFO ] 2020-12-10 17:25:23.964 [main] OrangeHRM - Clicked the choose file button
[INFO ] 2020-12-10 17:25:26.019 [main] OrangeHRM - Entered the file path using AutoIT windows desktop automayion
[INFO ] 2020-12-10 17:25:36.234 [main] OrangeHRM - Entered text Admin  in username textbox
[INFO ] 2020-12-10 17:25:36.357 [main] OrangeHRM - Entered text admin123 in password textbox
[INFO ] 2020-12-10 17:25:37.905 [main] OrangeHRM - Pressed login button
[INFO ] 2020-12-10 17:25:57.472 [main] OrangeHRM - Entered text Admin  in username textbox
[INFO ] 2020-12-10 17:25:57.583 [main] OrangeHRM - Entered text admin123 in password textbox
[INFO ] 2020-12-10 17:25:59.669 [main] OrangeHRM - Pressed login button
[INFO ] 2020-12-10 17:26:34.397 [main] OrangeHRM - Navigated to http://www.tinyupload.com/
[INFO ] 2020-12-10 17:26:37.746 [main] OrangeHRM - Clicked the choose file button
[INFO ] 2020-12-10 17:26:39.806 [main] OrangeHRM - Entered the file path using AutoIT windows desktop automayion
[INFO ] 2020-12-10 17:26:49.407 [main] OrangeHRM - Entered text Admin  in username textbox
[INFO ] 2020-12-10 17:26:49.743 [main] OrangeHRM - Entered text admin123 in password textbox
[INFO ] 2020-12-10 17:26:51.806 [main] OrangeHRM - Pressed login button
[INFO ] 2020-12-10 17:27:11.023 [main] OrangeHRM - Entered text Admin  in username textbox
[INFO ] 2020-12-10 17:27:11.100 [main] OrangeHRM - Entered text admin123 in password textbox
[INFO ] 2020-12-10 17:27:12.975 [main] OrangeHRM - Pressed login button
[INFO ] 2020-12-10 17:27:36.064 [main] OrangeHRM - Navigated to https://www.google.com
[INFO ] 2020-12-10 17:27:36.216 [main] OrangeHRM - Entered text palestine in search textbox
[INFO ] 2020-12-10 17:27:38.147 [main] OrangeHRM - Pressed login button
[INFO ] 2020-12-10 17:28:11.511 [main] OrangeHRM - Navigated to http://www.tinyupload.com/
[INFO ] 2020-12-10 17:28:14.584 [main] OrangeHRM - Clicked the choose file button
[INFO ] 2020-12-10 17:28:14.584 [main] OrangeHRM - Entered the file path using AutoIT windows desktop automayion
[INFO ] 2020-12-10 17:28:23.517 [main] OrangeHRM - Entered text Admin  in username textbox
[INFO ] 2020-12-10 17:28:23.651 [main] OrangeHRM - Entered text admin123 in password textbox
[INFO ] 2020-12-10 17:28:25.903 [main] OrangeHRM - Pressed login button
[INFO ] 2020-12-10 17:28:45.134 [main] OrangeHRM - Entered text Admin  in username textbox
[INFO ] 2020-12-10 17:28:45.229 [main] OrangeHRM - Entered text admin123 in password textbox
[INFO ] 2020-12-10 17:28:46.867 [main] OrangeHRM - Pressed login button
[INFO ] 2020-12-10 17:29:08.684 [main] OrangeHRM - Navigated to https://www.google.com
[INFO ] 2020-12-10 17:29:08.836 [main] OrangeHRM - Entered text palestine in search textbox
[INFO ] 2020-12-10 17:29:10.949 [main] OrangeHRM - Pressed login button
[INFO ] 2020-12-10 17:30:29.156 [main] OrangeHRM - Navigated to http://www.tinyupload.com/
[INFO ] 2020-12-10 17:30:32.230 [main] OrangeHRM - Clicked the choose file button
[INFO ] 2020-12-10 17:30:32.230 [main] OrangeHRM - Entered the file path using AutoIT windows desktop automayion
[INFO ] 2020-12-10 17:30:42.206 [main] OrangeHRM - Entered text Admin  in username textbox
[INFO ] 2020-12-10 17:30:42.315 [main] OrangeHRM - Entered text admin123 in password textbox
[INFO ] 2020-12-10 17:30:43.745 [main] OrangeHRM - Pressed login button
[INFO ] 2020-12-10 17:31:03.467 [main] OrangeHRM - Entered text Admin  in username textbox
[INFO ] 2020-12-10 17:31:03.601 [main] OrangeHRM - Entered text admin123 in password textbox
[INFO ] 2020-12-10 17:31:04.959 [main] OrangeHRM - Pressed login button
[INFO ] 2020-12-10 17:31:37.513 [main] OrangeHRM - Navigated to http://www.tinyupload.com/
[INFO ] 2020-12-10 17:31:40.700 [main] OrangeHRM - Clicked the choose file button
[INFO ] 2020-12-10 17:31:40.700 [main] OrangeHRM - Entered the file path using AutoIT windows desktop automayion
[INFO ] 2020-12-10 17:32:00.523 [main] OrangeHRM - Entered text Admin  in username textbox
[INFO ] 2020-12-10 17:32:00.632 [main] OrangeHRM - Entered text admin123 in password textbox
[INFO ] 2020-12-10 17:32:02.083 [main] OrangeHRM - Pressed login button
[INFO ] 2020-12-10 17:32:21.459 [main] OrangeHRM - Entered text Admin  in username textbox
[INFO ] 2020-12-10 17:32:21.563 [main] OrangeHRM - Entered text admin123 in password textbox
[INFO ] 2020-12-10 17:32:23.548 [main] OrangeHRM - Pressed login button
[INFO ] 2020-12-10 17:32:44.851 [main] OrangeHRM - Navigated to https://www.google.com
[INFO ] 2020-12-10 17:32:45.237 [main] OrangeHRM - Entered text palestine in search textbox
[INFO ] 2020-12-10 17:32:47.170 [main] OrangeHRM - Pressed login button
[INFO ] 2020-12-10 17:33:48.419 [TestNG-test=Extent Report Test-4] OrangeHRM - Navigated to https://www.google.com
[INFO ] 2020-12-10 17:33:51.390 [TestNG-test=Extent Report Test-1] OrangeHRM - Navigated to http://www.tinyupload.com/
[INFO ] 2020-12-10 17:33:54.660 [TestNG-test=Extent Report Test-1] OrangeHRM - Clicked the choose file button
[INFO ] 2020-12-10 17:33:54.661 [TestNG-test=Extent Report Test-1] OrangeHRM - Entered the file path using AutoIT windows desktop automayion
[INFO ] 2020-12-10 18:06:23.266 [TestNG-tests-1] OrangeHRM - Navigated to http://www.tinyupload.com/
[INFO ] 2020-12-10 18:06:26.490 [TestNG-tests-1] OrangeHRM - Clicked the choose file button
[INFO ] 2020-12-10 18:06:26.491 [TestNG-tests-1] OrangeHRM - Entered the file path using AutoIT windows desktop automayion
[INFO ] 2020-12-10 18:06:38.567 [TestNG-tests-1] OrangeHRM - Entered text Admin  in username textbox
[INFO ] 2020-12-10 18:06:38.686 [TestNG-tests-1] OrangeHRM - Entered text admin123 in password textbox
[INFO ] 2020-12-10 18:06:40.263 [TestNG-tests-1] OrangeHRM - Pressed login button
[INFO ] 2020-12-10 18:06:59.715 [TestNG-tests-1] OrangeHRM - Entered text Admin  in username textbox
[INFO ] 2020-12-10 18:06:59.826 [TestNG-tests-1] OrangeHRM - Entered text admin123 in password textbox
[INFO ] 2020-12-10 18:07:01.320 [TestNG-tests-1] OrangeHRM - Pressed login button
[INFO ] 2020-12-10 18:07:22.651 [TestNG-tests-1] OrangeHRM - Navigated to https://www.google.com
[INFO ] 2020-12-10 18:07:22.931 [TestNG-tests-1] OrangeHRM - Entered text palestine in search textbox
[INFO ] 2020-12-10 18:07:24.887 [TestNG-tests-1] OrangeHRM - Pressed login button
[INFO ] 2020-12-10 18:08:57.519 [TestNG-tests-1] OrangeHRM - Navigated to http://www.tinyupload.com/
[INFO ] 2020-12-10 18:09:00.691 [TestNG-tests-1] OrangeHRM - Clicked the choose file button
[INFO ] 2020-12-10 18:09:00.712 [TestNG-tests-1] OrangeHRM - Entered the file path using AutoIT windows desktop automayion
[INFO ] 2020-12-10 18:09:11.624 [TestNG-tests-1] OrangeHRM - Entered text Admin  in username textbox
[INFO ] 2020-12-10 18:09:11.766 [TestNG-tests-1] OrangeHRM - Entered text admin123 in password textbox
[INFO ] 2020-12-10 18:09:13.574 [TestNG-tests-1] OrangeHRM - Pressed login button
[INFO ] 2020-12-10 18:09:32.492 [TestNG-tests-1] OrangeHRM - Entered text Admin  in username textbox
[INFO ] 2020-12-10 18:09:32.608 [TestNG-tests-1] OrangeHRM - Entered text admin123 in password textbox
[INFO ] 2020-12-10 18:09:34.589 [TestNG-tests-1] OrangeHRM - Pressed login button
[INFO ] 2020-12-10 18:09:57.287 [TestNG-tests-1] OrangeHRM - Navigated to https://www.google.com
[INFO ] 2020-12-10 18:09:57.533 [TestNG-tests-1] OrangeHRM - Entered text palestine in search textbox
[INFO ] 2020-12-10 18:09:59.820 [TestNG-tests-1] OrangeHRM - Pressed login button
[INFO ] 2020-12-10 18:10:55.814 [TestNG-tests-1] OrangeHRM - Navigated to http://www.tinyupload.com/
[INFO ] 2020-12-10 18:10:59.987 [TestNG-tests-1] OrangeHRM - Clicked the choose file button
[INFO ] 2020-12-10 18:11:00.016 [TestNG-tests-1] OrangeHRM - Entered the file path using AutoIT windows desktop automayion
[INFO ] 2020-12-10 18:11:09.387 [TestNG-tests-1] OrangeHRM - Entered text Admin  in username textbox
[INFO ] 2020-12-10 18:11:09.479 [TestNG-tests-1] OrangeHRM - Entered text admin123 in password textbox
[INFO ] 2020-12-10 18:11:11.301 [TestNG-tests-1] OrangeHRM - Pressed login button
[INFO ] 2020-12-10 18:11:31.359 [TestNG-tests-1] OrangeHRM - Entered text Admin  in username textbox
[INFO ] 2020-12-10 18:11:31.466 [TestNG-tests-1] OrangeHRM - Entered text admin123 in password textbox
[INFO ] 2020-12-10 18:11:32.877 [TestNG-tests-1] OrangeHRM - Pressed login button
[INFO ] 2020-12-10 18:11:54.534 [TestNG-tests-1] OrangeHRM - Navigated to https://www.google.com
[INFO ] 2020-12-10 18:11:54.724 [TestNG-tests-1] OrangeHRM - Entered text palestine in search textbox
[INFO ] 2020-12-10 18:11:56.552 [TestNG-tests-1] OrangeHRM - Pressed login button
[INFO ] 2020-12-10 18:12:41.865 [TestNG-test=Extent Report Test-4] OrangeHRM - Navigated to https://www.google.com
[INFO ] 2020-12-10 18:12:43.727 [TestNG-test=Extent Report Test-4] OrangeHRM - Entered text palestine in search textbox
[INFO ] 2020-12-10 18:12:45.830 [TestNG-test=Extent Report Test-1] OrangeHRM - Navigated to http://www.tinyupload.com/
[INFO ] 2020-12-10 18:12:50.007 [TestNG-test=Extent Report Test-1] OrangeHRM - Clicked the choose file button
[INFO ] 2020-12-10 18:12:50.097 [TestNG-test=Extent Report Test-1] OrangeHRM - Entered the file path using AutoIT windows desktop automayion
[INFO ] 2020-12-10 18:14:09.403 [TestNG-test=Extent Report Test-2] OrangeHRM - Entered text Admin  in username textbox
[INFO ] 2020-12-10 18:14:09.564 [TestNG-test=Extent Report Test-3] OrangeHRM - Entered text Admin  in username textbox
[INFO ] 2020-12-10 18:14:14.690 [TestNG-test=Extent Report Test-4] OrangeHRM - Navigated to https://www.google.com
[INFO ] 2020-12-10 18:14:16.939 [TestNG-test=Extent Report Test-1] OrangeHRM - Navigated to http://www.tinyupload.com/
[INFO ] 2020-12-10 18:14:21.129 [TestNG-test=Extent Report Test-1] OrangeHRM - Clicked the choose file button
[INFO ] 2020-12-10 18:14:21.302 [TestNG-test=Extent Report Test-1] OrangeHRM - Entered the file path using AutoIT windows desktop automayion
[INFO ] 2020-12-10 18:15:11.556 [TestNG-test=Extent Report Test-2] OrangeHRM - Entered text Admin  in username textbox
[INFO ] 2020-12-10 18:15:15.437 [TestNG-test=Extent Report Test-4] OrangeHRM - Navigated to https://www.google.com
[INFO ] 2020-12-10 18:15:16.540 [TestNG-test=Extent Report Test-1] OrangeHRM - Navigated to http://www.tinyupload.com/
[INFO ] 2020-12-10 18:15:20.756 [TestNG-test=Extent Report Test-1] OrangeHRM - Clicked the choose file button
[INFO ] 2020-12-10 18:15:20.873 [TestNG-test=Extent Report Test-1] OrangeHRM - Entered the file path using AutoIT windows desktop automayion
[INFO ] 2020-12-10 18:18:12.629 [TestNG-test=Extent Report Test-4] OrangeHRM - Navigated to https://www.google.com
[INFO ] 2020-12-10 18:18:22.160 [TestNG-test=Extent Report Test-3] OrangeHRM - Entered text Admin  in username textbox
[INFO ] 2020-12-10 18:18:22.287 [TestNG-test=Extent Report Test-3] OrangeHRM - Entered text admin123 in password textbox
[INFO ] 2020-12-10 18:18:24.277 [TestNG-test=Extent Report Test-3] OrangeHRM - Pressed login button
[INFO ] 2020-12-10 18:18:26.741 [TestNG-test=Extent Report Test-1] OrangeHRM - Navigated to http://www.tinyupload.com/
[INFO ] 2020-12-10 18:18:30.906 [TestNG-test=Extent Report Test-1] OrangeHRM - Clicked the choose file button
[INFO ] 2020-12-10 18:18:30.934 [TestNG-test=Extent Report Test-1] OrangeHRM - Entered the file path using AutoIT windows desktop automayion
[INFO ] 2020-12-10 18:19:46.941 [TestNG-tests-1] OrangeHRM - Navigated to http://www.tinyupload.com/
[INFO ] 2020-12-10 18:19:51.120 [TestNG-tests-1] OrangeHRM - Clicked the choose file button
[INFO ] 2020-12-10 18:19:51.148 [TestNG-tests-1] OrangeHRM - Entered the file path using AutoIT windows desktop automayion
[INFO ] 2020-12-10 18:19:59.976 [TestNG-tests-1] OrangeHRM - Entered text Admin  in username textbox
[INFO ] 2020-12-10 18:20:00.114 [TestNG-tests-1] OrangeHRM - Entered text admin123 in password textbox
[INFO ] 2020-12-10 18:20:01.837 [TestNG-tests-1] OrangeHRM - Pressed login button
[INFO ] 2020-12-10 18:20:20.558 [TestNG-tests-1] OrangeHRM - Entered text Admin  in username textbox
[INFO ] 2020-12-10 18:20:20.680 [TestNG-tests-1] OrangeHRM - Entered text admin123 in password textbox
[INFO ] 2020-12-10 18:20:22.236 [TestNG-tests-1] OrangeHRM - Pressed login button
[INFO ] 2020-12-10 18:20:44.799 [TestNG-tests-1] OrangeHRM - Navigated to https://www.google.com
[INFO ] 2020-12-10 18:20:44.938 [TestNG-tests-1] OrangeHRM - Entered text palestine in search textbox
[INFO ] 2020-12-10 18:20:48.731 [TestNG-tests-1] OrangeHRM - Pressed login button
[INFO ] 2020-12-10 18:26:06.184 [TestNG-tests-1] OrangeHRM - Navigated to http://www.tinyupload.com/
[INFO ] 2020-12-10 18:26:10.362 [TestNG-tests-1] OrangeHRM - Clicked the choose file button
[INFO ] 2020-12-10 18:26:10.383 [TestNG-tests-1] OrangeHRM - Entered the file path using AutoIT windows desktop automayion
[INFO ] 2020-12-10 18:26:19.841 [TestNG-tests-1] OrangeHRM - Entered text Admin  in username textbox
[INFO ] 2020-12-10 18:26:19.975 [TestNG-tests-1] OrangeHRM - Entered text admin123 in password textbox
[INFO ] 2020-12-10 18:26:21.601 [TestNG-tests-1] OrangeHRM - Pressed login button
[INFO ] 2020-12-10 18:26:41.241 [TestNG-tests-1] OrangeHRM - Entered text Admin  in username textbox
[INFO ] 2020-12-10 18:26:41.439 [TestNG-tests-1] OrangeHRM - Entered text admin123 in password textbox
[INFO ] 2020-12-10 18:26:42.767 [TestNG-tests-1] OrangeHRM - Pressed login button
[INFO ] 2020-12-10 18:27:05.168 [TestNG-tests-1] OrangeHRM - Navigated to https://www.google.com
[INFO ] 2020-12-10 18:27:05.333 [TestNG-tests-1] OrangeHRM - Entered text palestine in search textbox
[INFO ] 2020-12-10 18:27:08.400 [TestNG-tests-1] OrangeHRM - Pressed login button
[INFO ] 2020-12-10 18:28:13.437 [TestNG-tests-1] OrangeHRM - Navigated to http://www.tinyupload.com/
[INFO ] 2020-12-10 18:28:17.603 [TestNG-tests-1] OrangeHRM - Clicked the choose file button
[INFO ] 2020-12-10 18:28:17.646 [TestNG-tests-1] OrangeHRM - Entered the file path using AutoIT windows desktop automayion
[INFO ] 2020-12-10 18:28:27.232 [TestNG-tests-1] OrangeHRM - Entered text Admin  in username textbox
[INFO ] 2020-12-10 18:28:27.374 [TestNG-tests-1] OrangeHRM - Entered text admin123 in password textbox
[INFO ] 2020-12-10 18:28:28.939 [TestNG-tests-1] OrangeHRM - Pressed login button
[INFO ] 2020-12-10 18:28:48.416 [TestNG-tests-1] OrangeHRM - Entered text Admin  in username textbox
[INFO ] 2020-12-10 18:28:48.524 [TestNG-tests-1] OrangeHRM - Entered text admin123 in password textbox
[INFO ] 2020-12-10 18:28:50.748 [TestNG-tests-1] OrangeHRM - Pressed login button
[INFO ] 2020-12-10 18:29:15.631 [TestNG-tests-1] OrangeHRM - Navigated to https://www.google.com
[INFO ] 2020-12-10 18:29:15.766 [TestNG-tests-1] OrangeHRM - Entered text palestine in search textbox
[INFO ] 2020-12-10 18:29:17.736 [TestNG-tests-1] OrangeHRM - Pressed login button
[INFO ] 2020-12-10 18:30:20.983 [TestNG-tests-1] OrangeHRM - Navigated to http://www.tinyupload.com/
[INFO ] 2020-12-10 18:30:25.162 [TestNG-tests-1] OrangeHRM - Clicked the choose file button
[INFO ] 2020-12-10 18:30:25.249 [TestNG-tests-1] OrangeHRM - Entered the file path using AutoIT windows desktop automayion
[INFO ] 2020-12-10 18:30:35.485 [TestNG-tests-1] OrangeHRM - Entered text Admin  in username textbox
[INFO ] 2020-12-10 18:30:35.652 [TestNG-tests-1] OrangeHRM - Entered text admin123 in password textbox
[INFO ] 2020-12-10 18:30:37.770 [TestNG-tests-1] OrangeHRM - Pressed login button
[INFO ] 2020-12-10 18:30:57.092 [TestNG-tests-1] OrangeHRM - Entered text Admin  in username textbox
[INFO ] 2020-12-10 18:30:57.206 [TestNG-tests-1] OrangeHRM - Entered text admin123 in password textbox
[INFO ] 2020-12-10 18:30:59.305 [TestNG-tests-1] OrangeHRM - Pressed login button
[INFO ] 2020-12-10 18:31:22.875 [TestNG-tests-1] OrangeHRM - Navigated to https://www.google.com
[INFO ] 2020-12-10 18:31:23.031 [TestNG-tests-1] OrangeHRM - Entered text palestine in search textbox
[INFO ] 2020-12-10 18:31:24.793 [TestNG-tests-1] OrangeHRM - Pressed login button
[INFO ] 2020-12-10 18:35:00.636 [TestNG-tests-1] OrangeHRM - Navigated to http://www.tinyupload.com/
[INFO ] 2020-12-10 18:35:04.819 [TestNG-tests-1] OrangeHRM - Clicked the choose file button
[INFO ] 2020-12-10 18:35:04.850 [TestNG-tests-1] OrangeHRM - Entered the file path using AutoIT windows desktop automayion
[INFO ] 2020-12-10 18:35:13.792 [TestNG-tests-1] OrangeHRM - Entered text Admin  in username textbox
[INFO ] 2020-12-10 18:35:13.924 [TestNG-tests-1] OrangeHRM - Entered text admin123 in password textbox
[INFO ] 2020-12-10 18:35:16.248 [TestNG-tests-1] OrangeHRM - Pressed login button
[INFO ] 2020-12-10 18:35:35.656 [TestNG-tests-1] OrangeHRM - Entered text Admin  in username textbox
[INFO ] 2020-12-10 18:35:35.758 [TestNG-tests-1] OrangeHRM - Entered text admin123 in password textbox
[INFO ] 2020-12-10 18:35:38.012 [TestNG-tests-1] OrangeHRM - Pressed login button
[INFO ] 2020-12-10 18:36:03.423 [TestNG-tests-1] OrangeHRM - Navigated to https://www.google.com
[INFO ] 2020-12-10 18:36:03.587 [TestNG-tests-1] OrangeHRM - Entered text palestine in search textbox
[INFO ] 2020-12-10 18:36:05.425 [TestNG-tests-1] OrangeHRM - Pressed login button
[INFO ] 2020-12-10 18:37:23.806 [TestNG-tests-1] OrangeHRM - Navigated to http://www.tinyupload.com/
[INFO ] 2020-12-10 18:37:27.984 [TestNG-tests-1] OrangeHRM - Clicked the choose file button
[INFO ] 2020-12-10 18:37:28.007 [TestNG-tests-1] OrangeHRM - Entered the file path using AutoIT windows desktop automayion
[INFO ] 2020-12-10 18:37:37.293 [TestNG-tests-1] OrangeHRM - Entered text Admin  in username textbox
[INFO ] 2020-12-10 18:37:37.397 [TestNG-tests-1] OrangeHRM - Entered text admin123 in password textbox
[INFO ] 2020-12-10 18:37:39.720 [TestNG-tests-1] OrangeHRM - Pressed login button
[INFO ] 2020-12-10 18:37:58.751 [TestNG-tests-1] OrangeHRM - Entered text Admin  in username textbox
[INFO ] 2020-12-10 18:37:58.853 [TestNG-tests-1] OrangeHRM - Entered text admin123 in password textbox
[INFO ] 2020-12-10 18:38:00.164 [TestNG-tests-1] OrangeHRM - Pressed login button
[INFO ] 2020-12-10 18:38:22.546 [TestNG-tests-1] OrangeHRM - Navigated to https://www.google.com
[INFO ] 2020-12-10 18:38:22.669 [TestNG-tests-1] OrangeHRM - Entered text palestine in search textbox
[INFO ] 2020-12-10 18:38:24.362 [TestNG-tests-1] OrangeHRM - Pressed login button
[INFO ] 2020-12-10 18:39:43.841 [TestNG-tests-1] OrangeHRM - Navigated to http://www.tinyupload.com/
[INFO ] 2020-12-10 18:39:48.022 [TestNG-tests-1] OrangeHRM - Clicked the choose file button
[INFO ] 2020-12-10 18:39:48.051 [TestNG-tests-1] OrangeHRM - Entered the file path using AutoIT windows desktop automayion
[INFO ] 2020-12-10 18:39:58.055 [TestNG-tests-1] OrangeHRM - Entered text Admin  in username textbox
[INFO ] 2020-12-10 18:39:58.166 [TestNG-tests-1] OrangeHRM - Entered text admin123 in password textbox
[INFO ] 2020-12-10 18:39:59.757 [TestNG-tests-1] OrangeHRM - Pressed login button
[INFO ] 2020-12-10 18:40:18.959 [TestNG-tests-1] OrangeHRM - Entered text Admin  in username textbox
[INFO ] 2020-12-10 18:40:19.056 [TestNG-tests-1] OrangeHRM - Entered text admin123 in password textbox
[INFO ] 2020-12-10 18:40:20.598 [TestNG-tests-1] OrangeHRM - Pressed login button
[INFO ] 2020-12-10 18:40:44.437 [TestNG-tests-1] OrangeHRM - Navigated to https://www.google.com
[INFO ] 2020-12-10 18:40:44.554 [TestNG-tests-1] OrangeHRM - Entered text palestine in search textbox
[INFO ] 2020-12-10 18:40:46.145 [TestNG-tests-1] OrangeHRM - Pressed login button
[INFO ] 2020-12-10 19:46:16.270 [TestNG-tests-1] OrangeHRM - Navigated to http://www.tinyupload.com/
[INFO ] 2020-12-10 19:46:20.458 [TestNG-tests-1] OrangeHRM - Clicked the choose file button
[INFO ] 2020-12-10 19:46:20.508 [TestNG-tests-1] OrangeHRM - Entered the file path using AutoIT windows desktop automayion
[INFO ] 2020-12-10 19:46:31.977 [TestNG-tests-1] OrangeHRM - Entered text Admin  in username textbox
[INFO ] 2020-12-10 19:46:32.137 [TestNG-tests-1] OrangeHRM - Entered text admin123 in password textbox
[INFO ] 2020-12-10 19:46:34.120 [TestNG-tests-1] OrangeHRM - Pressed login button
[INFO ] 2020-12-10 19:46:53.039 [TestNG-tests-1] OrangeHRM - Entered text Admin  in username textbox
[INFO ] 2020-12-10 19:46:53.154 [TestNG-tests-1] OrangeHRM - Entered text admin123 in password textbox
[INFO ] 2020-12-10 19:46:55.176 [TestNG-tests-1] OrangeHRM - Pressed login button
[INFO ] 2020-12-10 19:47:18.750 [TestNG-tests-1] OrangeHRM - Navigated to https://www.google.com
[INFO ] 2020-12-10 19:47:18.940 [TestNG-tests-1] OrangeHRM - Entered text palestine in search textbox
[INFO ] 2020-12-10 19:47:20.945 [TestNG-tests-1] OrangeHRM - Pressed login button
[INFO ] 2020-12-10 20:00:16.864 [TestNG-tests-1] OrangeHRM - Navigated to http://www.tinyupload.com/
[INFO ] 2020-12-10 20:00:21.051 [TestNG-tests-1] OrangeHRM - Clicked the choose file button
[INFO ] 2020-12-10 20:00:21.077 [TestNG-tests-1] OrangeHRM - Entered the file path using AutoIT windows desktop automayion
[INFO ] 2020-12-10 20:00:30.367 [TestNG-tests-1] OrangeHRM - Entered text Admin  in username textbox
[INFO ] 2020-12-10 20:00:30.508 [TestNG-tests-1] OrangeHRM - Entered text admin123 in password textbox
[INFO ] 2020-12-10 20:00:31.932 [TestNG-tests-1] OrangeHRM - Pressed login button
[INFO ] 2020-12-10 20:00:52.079 [TestNG-tests-1] OrangeHRM - Entered text Admin  in username textbox
[INFO ] 2020-12-10 20:00:52.209 [TestNG-tests-1] OrangeHRM - Entered text admin123 in password textbox
[INFO ] 2020-12-10 20:00:53.597 [TestNG-tests-1] OrangeHRM - Pressed login button
[INFO ] 2020-12-10 20:01:16.000 [TestNG-tests-1] OrangeHRM - Navigated to https://www.google.com
[INFO ] 2020-12-10 20:01:16.122 [TestNG-tests-1] OrangeHRM - Entered text palestine in search textbox
[INFO ] 2020-12-10 20:01:19.002 [TestNG-tests-1] OrangeHRM - Pressed login button
[INFO ] 2020-12-10 20:04:02.120 [TestNG-tests-1] OrangeHRM - Navigated to http://www.tinyupload.com/
[INFO ] 2020-12-10 20:04:06.301 [TestNG-tests-1] OrangeHRM - Clicked the choose file button
[INFO ] 2020-12-10 20:04:06.322 [TestNG-tests-1] OrangeHRM - Entered the file path using AutoIT windows desktop automayion
[INFO ] 2020-12-10 20:04:14.464 [TestNG-tests-1] OrangeHRM - Entered text Admin  in username textbox
[INFO ] 2020-12-10 20:04:14.588 [TestNG-tests-1] OrangeHRM - Entered text admin123 in password textbox
[INFO ] 2020-12-10 20:04:16.052 [TestNG-tests-1] OrangeHRM - Pressed login button
[INFO ] 2020-12-10 20:04:35.044 [TestNG-tests-1] OrangeHRM - Entered text Admin  in username textbox
[INFO ] 2020-12-10 20:04:35.184 [TestNG-tests-1] OrangeHRM - Entered text admin123 in password textbox
[INFO ] 2020-12-10 20:04:36.627 [TestNG-tests-1] OrangeHRM - Pressed login button
[INFO ] 2020-12-10 20:04:58.877 [TestNG-tests-1] OrangeHRM - Navigated to https://www.google.com
[INFO ] 2020-12-10 20:04:58.989 [TestNG-tests-1] OrangeHRM - Entered text palestine in search textbox
[INFO ] 2020-12-10 20:05:01.277 [TestNG-tests-1] OrangeHRM - Pressed login button
[INFO ] 2020-12-10 20:06:34.804 [TestNG-tests-1] OrangeHRM - Navigated to http://www.tinyupload.com/
[INFO ] 2020-12-10 20:06:38.977 [TestNG-tests-1] OrangeHRM - Clicked the choose file button
[INFO ] 2020-12-10 20:06:39.014 [TestNG-tests-1] OrangeHRM - Entered the file path using AutoIT windows desktop automayion
[INFO ] 2020-12-10 20:06:48.316 [TestNG-tests-1] OrangeHRM - Entered text Admin  in username textbox
[INFO ] 2020-12-10 20:06:48.468 [TestNG-tests-1] OrangeHRM - Entered text admin123 in password textbox
[INFO ] 2020-12-10 20:06:50.016 [TestNG-tests-1] OrangeHRM - Pressed login button
[INFO ] 2020-12-10 20:07:08.931 [TestNG-tests-1] OrangeHRM - Entered text Admin  in username textbox
[INFO ] 2020-12-10 20:07:09.096 [TestNG-tests-1] OrangeHRM - Entered text admin123 in password textbox
[INFO ] 2020-12-10 20:07:10.613 [TestNG-tests-1] OrangeHRM - Pressed login button
[INFO ] 2020-12-10 20:07:33.006 [TestNG-tests-1] OrangeHRM - Navigated to https://www.google.com
[INFO ] 2020-12-10 20:07:33.125 [TestNG-tests-1] OrangeHRM - Entered text palestine in search textbox
[INFO ] 2020-12-10 20:07:34.818 [TestNG-tests-1] OrangeHRM - Pressed login button
[INFO ] 2020-12-10 20:12:48.495 [TestNG-tests-1] OrangeHRM - Navigated to http://www.tinyupload.com/
[INFO ] 2020-12-10 20:12:52.692 [TestNG-tests-1] OrangeHRM - Clicked the choose file button
[INFO ] 2020-12-10 20:12:52.741 [TestNG-tests-1] OrangeHRM - Entered the file path using AutoIT windows desktop automayion
[INFO ] 2020-12-10 20:13:02.561 [TestNG-tests-1] OrangeHRM - Entered text Admin  in username textbox
[INFO ] 2020-12-10 20:13:02.735 [TestNG-tests-1] OrangeHRM - Entered text admin123 in password textbox
[INFO ] 2020-12-10 20:13:04.447 [TestNG-tests-1] OrangeHRM - Pressed login button
[INFO ] 2020-12-10 20:13:27.738 [TestNG-tests-1] OrangeHRM - Entered text Admin  in username textbox
[INFO ] 2020-12-10 20:13:27.973 [TestNG-tests-1] OrangeHRM - Entered text admin123 in password textbox
[INFO ] 2020-12-10 20:13:29.636 [TestNG-tests-1] OrangeHRM - Pressed login button
[INFO ] 2020-12-10 20:13:53.595 [TestNG-tests-1] OrangeHRM - Navigated to https://www.google.com
[INFO ] 2020-12-10 20:13:53.783 [TestNG-tests-1] OrangeHRM - Entered text palestine in search textbox
[INFO ] 2020-12-10 20:13:55.662 [TestNG-tests-1] OrangeHRM - Pressed login button
[INFO ] 2020-12-10 20:16:56.289 [TestNG-tests-1] OrangeHRM - Navigated to http://www.tinyupload.com/
[INFO ] 2020-12-10 20:17:00.480 [TestNG-tests-1] OrangeHRM - Clicked the choose file button
[INFO ] 2020-12-10 20:17:00.694 [TestNG-tests-1] OrangeHRM - Entered the file path using AutoIT windows desktop automayion
[INFO ] 2020-12-10 20:17:11.436 [TestNG-tests-1] OrangeHRM - Entered text Admin  in username textbox
[INFO ] 2020-12-10 20:17:11.769 [TestNG-tests-1] OrangeHRM - Entered text admin123 in password textbox
[INFO ] 2020-12-10 20:17:13.250 [TestNG-tests-1] OrangeHRM - Pressed login button
[INFO ] 2020-12-10 20:17:34.435 [TestNG-tests-1] OrangeHRM - Entered text Admin  in username textbox
[INFO ] 2020-12-10 20:17:34.965 [TestNG-tests-1] OrangeHRM - Entered text admin123 in password textbox
[INFO ] 2020-12-10 20:17:36.389 [TestNG-tests-1] OrangeHRM - Pressed login button
[INFO ] 2020-12-10 20:17:58.812 [TestNG-tests-1] OrangeHRM - Navigated to https://www.google.com
[INFO ] 2020-12-10 20:17:59.147 [TestNG-tests-1] OrangeHRM - Entered text palestine in search textbox
[INFO ] 2020-12-10 20:18:01.893 [TestNG-tests-1] OrangeHRM - Pressed login button
[INFO ] 2020-12-10 20:20:10.128 [TestNG-tests-1] OrangeHRM - Navigated to http://www.tinyupload.com/
[INFO ] 2020-12-10 20:20:14.322 [TestNG-tests-1] OrangeHRM - Clicked the choose file button
[INFO ] 2020-12-10 20:20:14.371 [TestNG-tests-1] OrangeHRM - Entered the file path using AutoIT windows desktop automayion
[INFO ] 2020-12-10 20:20:24.143 [TestNG-tests-1] OrangeHRM - Entered text Admin  in username textbox
[INFO ] 2020-12-10 20:20:24.331 [TestNG-tests-1] OrangeHRM - Entered text admin123 in password textbox
[INFO ] 2020-12-10 20:20:25.773 [TestNG-tests-1] OrangeHRM - Pressed login button
[INFO ] 2020-12-10 20:20:46.255 [TestNG-tests-1] OrangeHRM - Entered text Admin  in username textbox
[INFO ] 2020-12-10 20:20:46.431 [TestNG-tests-1] OrangeHRM - Entered text admin123 in password textbox
[INFO ] 2020-12-10 20:20:47.772 [TestNG-tests-1] OrangeHRM - Pressed login button
[INFO ] 2020-12-10 20:21:09.870 [TestNG-tests-1] OrangeHRM - Navigated to https://www.google.com
[INFO ] 2020-12-10 20:21:10.077 [TestNG-tests-1] OrangeHRM - Entered text palestine in search textbox
[INFO ] 2020-12-10 20:21:11.739 [TestNG-tests-1] OrangeHRM - Pressed login button
[INFO ] 2020-12-10 20:33:59.727 [TestNG-tests-1] OrangeHRM - Navigated to http://www.tinyupload.com/
[INFO ] 2020-12-10 20:34:03.905 [TestNG-tests-1] OrangeHRM - Clicked the choose file button
[INFO ] 2020-12-10 20:34:03.968 [TestNG-tests-1] OrangeHRM - Entered the file path using AutoIT windows desktop automayion
[INFO ] 2020-12-10 20:34:12.660 [TestNG-tests-1] OrangeHRM - Entered text Admin  in username textbox
[INFO ] 2020-12-10 20:34:12.863 [TestNG-tests-1] OrangeHRM - Entered text admin123 in password textbox
[INFO ] 2020-12-10 20:34:14.281 [TestNG-tests-1] OrangeHRM - Pressed login button
[INFO ] 2020-12-10 20:34:36.232 [TestNG-tests-1] OrangeHRM - Entered text Admin  in username textbox
[INFO ] 2020-12-10 20:34:36.320 [TestNG-tests-1] OrangeHRM - Entered text admin123 in password textbox
[INFO ] 2020-12-10 20:34:37.658 [TestNG-tests-1] OrangeHRM - Pressed login button
[INFO ] 2020-12-10 20:34:59.916 [TestNG-tests-1] OrangeHRM - Navigated to https://www.google.com
[INFO ] 2020-12-10 20:35:00.047 [TestNG-tests-1] OrangeHRM - Entered text palestine in search textbox
[INFO ] 2020-12-10 20:35:01.918 [TestNG-tests-1] OrangeHRM - Pressed login button
[INFO ] 2020-12-10 20:39:05.735 [TestNG-tests-1] OrangeHRM - Navigated to http://www.tinyupload.com/
[INFO ] 2020-12-10 20:39:09.917 [TestNG-tests-1] OrangeHRM - Clicked the choose file button
[INFO ] 2020-12-10 20:39:09.967 [TestNG-tests-1] OrangeHRM - Entered the file path using AutoIT windows desktop automayion
[INFO ] 2020-12-10 20:39:19.042 [TestNG-tests-1] OrangeHRM - Entered text Admin  in username textbox
[INFO ] 2020-12-10 20:39:19.132 [TestNG-tests-1] OrangeHRM - Entered text admin123 in password textbox
[INFO ] 2020-12-10 20:39:20.862 [TestNG-tests-1] OrangeHRM - Pressed login button
[INFO ] 2020-12-10 20:39:40.880 [TestNG-tests-1] OrangeHRM - Entered text Admin  in username textbox
[INFO ] 2020-12-10 20:39:40.965 [TestNG-tests-1] OrangeHRM - Entered text admin123 in password textbox
[INFO ] 2020-12-10 20:39:42.553 [TestNG-tests-1] OrangeHRM - Pressed login button
[INFO ] 2020-12-10 20:40:05.455 [TestNG-tests-1] OrangeHRM - Navigated to https://www.google.com
[INFO ] 2020-12-10 20:40:05.670 [TestNG-tests-1] OrangeHRM - Entered text palestine in search textbox
[INFO ] 2020-12-10 20:40:07.491 [TestNG-tests-1] OrangeHRM - Pressed login button
[INFO ] 2020-12-10 20:42:20.128 [TestNG-tests-1] OrangeHRM - Navigated to http://www.tinyupload.com/
[INFO ] 2020-12-10 20:42:24.308 [TestNG-tests-1] OrangeHRM - Clicked the choose file button
[INFO ] 2020-12-10 20:42:24.332 [TestNG-tests-1] OrangeHRM - Entered the file path using AutoIT windows desktop automayion
[INFO ] 2020-12-10 20:44:34.664 [TestNG-tests-1] OrangeHRM - Navigated to http://www.tinyupload.com/
[INFO ] 2020-12-10 20:44:38.843 [TestNG-tests-1] OrangeHRM - Clicked the choose file button
[INFO ] 2020-12-10 20:44:38.893 [TestNG-tests-1] OrangeHRM - Entered the file path using AutoIT windows desktop automayion
[INFO ] 2020-12-10 20:45:26.588 [TestNG-tests-1] OrangeHRM - Navigated to http://www.tinyupload.com/
[INFO ] 2020-12-10 20:45:30.762 [TestNG-tests-1] OrangeHRM - Clicked the choose file button
[INFO ] 2020-12-10 20:45:30.788 [TestNG-tests-1] OrangeHRM - Entered the file path using AutoIT windows desktop automayion
[INFO ] 2020-12-10 20:50:31.292 [TestNG-tests-1] OrangeHRM - Navigated to http://www.tinyupload.com/
[INFO ] 2020-12-10 20:50:35.464 [TestNG-tests-1] OrangeHRM - Clicked the choose file button
[INFO ] 2020-12-10 20:50:35.511 [TestNG-tests-1] OrangeHRM - Entered the file path using AutoIT windows desktop automayion
[INFO ] 2020-12-10 20:52:26.888 [TestNG-tests-1] OrangeHRM - Navigated to http://www.tinyupload.com/
[INFO ] 2020-12-10 20:52:31.184 [TestNG-tests-1] OrangeHRM - Clicked the choose file button
[INFO ] 2020-12-10 20:52:31.221 [TestNG-tests-1] OrangeHRM - Entered the file path using AutoIT windows desktop automayion
[INFO ] 2020-12-10 20:57:00.063 [TestNG-tests-1] OrangeHRM - Navigated to http://www.tinyupload.com/
[INFO ] 2020-12-10 20:57:04.262 [TestNG-tests-1] OrangeHRM - Clicked the choose file button
[INFO ] 2020-12-10 20:57:04.390 [TestNG-tests-1] OrangeHRM - Entered the file path using AutoIT windows desktop automayion
[INFO ] 2020-12-10 20:59:32.039 [TestNG-tests-1] OrangeHRM - Navigated to http://www.tinyupload.com/
[INFO ] 2020-12-10 20:59:36.233 [TestNG-tests-1] OrangeHRM - Clicked the choose file button
[INFO ] 2020-12-10 20:59:36.274 [TestNG-tests-1] OrangeHRM - Entered the file path using AutoIT windows desktop automayion
[INFO ] 2020-12-10 21:01:15.815 [TestNG-tests-1] OrangeHRM - Navigated to http://www.tinyupload.com/
[INFO ] 2020-12-10 21:01:19.994 [TestNG-tests-1] OrangeHRM - Clicked the choose file button
[INFO ] 2020-12-10 21:01:20.071 [TestNG-tests-1] OrangeHRM - Entered the file path using AutoIT windows desktop automayion
[INFO ] 2020-12-10 21:03:37.507 [TestNG-tests-1] OrangeHRM - Navigated to http://www.tinyupload.com/
[INFO ] 2020-12-10 21:03:41.679 [TestNG-tests-1] OrangeHRM - Clicked the choose file button
[INFO ] 2020-12-10 21:03:41.711 [TestNG-tests-1] OrangeHRM - Entered the file path using AutoIT windows desktop automayion
[INFO ] 2020-12-10 21:04:45.146 [TestNG-tests-1] OrangeHRM - Navigated to http://www.tinyupload.com/
[INFO ] 2020-12-10 21:04:49.329 [TestNG-tests-1] OrangeHRM - Clicked the choose file button
[INFO ] 2020-12-10 21:04:49.360 [TestNG-tests-1] OrangeHRM - Entered the file path using AutoIT windows desktop automayion
[INFO ] 2020-12-10 21:10:34.090 [TestNG-tests-1] OrangeHRM - Navigated to http://www.tinyupload.com/
[INFO ] 2020-12-10 21:10:38.275 [TestNG-tests-1] OrangeHRM - Clicked the choose file button
[INFO ] 2020-12-10 21:10:38.324 [TestNG-tests-1] OrangeHRM - Entered the file path using AutoIT windows desktop automayion
[INFO ] 2020-12-10 21:13:28.401 [TestNG-tests-1] OrangeHRM - Navigated to http://www.tinyupload.com/
[INFO ] 2020-12-10 21:13:32.583 [TestNG-tests-1] OrangeHRM - Clicked the choose file button
[INFO ] 2020-12-10 21:13:32.634 [TestNG-tests-1] OrangeHRM - Entered the file path using AutoIT windows desktop automayion
[INFO ] 2020-12-10 21:17:17.317 [TestNG-tests-1] OrangeHRM - Navigated to http://www.tinyupload.com/
[INFO ] 2020-12-10 21:17:21.496 [TestNG-tests-1] OrangeHRM - Clicked the choose file button
[INFO ] 2020-12-10 21:17:21.548 [TestNG-tests-1] OrangeHRM - Entered the file path using AutoIT windows desktop automayion
[INFO ] 2020-12-10 21:20:32.479 [TestNG-tests-1] OrangeHRM - Navigated to http://www.tinyupload.com/
[INFO ] 2020-12-10 21:20:36.662 [TestNG-tests-1] OrangeHRM - Clicked the choose file button
[INFO ] 2020-12-10 21:20:36.687 [TestNG-tests-1] OrangeHRM - Entered the file path using AutoIT windows desktop automayion
[INFO ] 2020-12-10 21:23:23.495 [TestNG-tests-1] OrangeHRM - Navigated to http://www.tinyupload.com/
[INFO ] 2020-12-10 21:23:27.664 [TestNG-tests-1] OrangeHRM - Clicked the choose file button
[INFO ] 2020-12-10 21:23:27.732 [TestNG-tests-1] OrangeHRM - Entered the file path using AutoIT windows desktop automayion
[INFO ] 2020-12-10 21:24:50.995 [TestNG-tests-1] OrangeHRM - Navigated to http://www.tinyupload.com/
[INFO ] 2020-12-10 21:24:55.177 [TestNG-tests-1] OrangeHRM - Clicked the choose file button
[INFO ] 2020-12-10 21:24:55.205 [TestNG-tests-1] OrangeHRM - Entered the file path using AutoIT windows desktop automayion
[INFO ] 2020-12-10 21:44:10.151 [TestNG-tests-1] OrangeHRM - Navigated to http://www.tinyupload.com/
[INFO ] 2020-12-10 21:44:14.338 [TestNG-tests-1] OrangeHRM - Clicked the choose file button
[INFO ] 2020-12-10 21:44:14.464 [TestNG-tests-1] OrangeHRM - Entered the file path using AutoIT windows desktop automayion
[INFO ] 2020-12-10 21:46:10.087 [TestNG-tests-1] OrangeHRM - Navigated to http://www.tinyupload.com/
[INFO ] 2020-12-10 21:46:14.276 [TestNG-tests-1] OrangeHRM - Clicked the choose file button
[INFO ] 2020-12-10 21:46:14.325 [TestNG-tests-1] OrangeHRM - Entered the file path using AutoIT windows desktop automayion
[INFO ] 2020-12-10 21:47:32.507 [TestNG-tests-1] OrangeHRM - Navigated to http://www.tinyupload.com/
[INFO ] 2020-12-10 21:47:36.677 [TestNG-tests-1] OrangeHRM - Clicked the choose file button
[INFO ] 2020-12-10 21:47:36.722 [TestNG-tests-1] OrangeHRM - Entered the file path using AutoIT windows desktop automayion
[INFO ] 2020-12-10 21:55:54.423 [TestNG-tests-1] OrangeHRM - Navigated to http://www.tinyupload.com/
[INFO ] 2020-12-10 21:55:58.608 [TestNG-tests-1] OrangeHRM - Clicked the choose file button
[INFO ] 2020-12-10 21:55:58.641 [TestNG-tests-1] OrangeHRM - Entered the file path using AutoIT windows desktop automayion
[INFO ] 2020-12-10 21:59:33.078 [TestNG-tests-1] OrangeHRM - Navigated to http://www.tinyupload.com/
[INFO ] 2020-12-10 21:59:37.269 [TestNG-tests-1] OrangeHRM - Clicked the choose file button
[INFO ] 2020-12-10 21:59:37.294 [TestNG-tests-1] OrangeHRM - Entered the file path using AutoIT windows desktop automayion
